2025-05-08 16:57:53,262 - httpx - INFO - HTTP Request: GET https://api.gradio.app/gradio-messaging/en "HTTP/1.1 200 OK"
2025-05-08 16:57:53,545 - httpx - INFO - HTTP Request: GET http://127.0.0.1:8080/gradio_api/startup-events "HTTP/1.1 200 OK"
2025-05-08 16:57:53,567 - httpx - INFO - HTTP Request: HEAD http://127.0.0.1:8080/ "HTTP/1.1 200 OK"
2025-05-08 16:57:54,141 - httpx - INFO - HTTP Request: GET https://api.gradio.app/pkg-version "HTTP/1.1 200 OK"
2025-05-08 16:58:01,892 - dify_panel - INFO - 用户 admin 尝试登录
2025-05-08 16:58:01,892 - dify_panel - INFO - 尝试验证用户: admin
2025-05-08 16:58:01,894 - dify_panel - INFO - 用户 admin 验证成功
2025-05-08 16:58:01,894 - dify_panel - INFO - 初始化用户 admin 的主界面
2025-05-08 16:58:01,894 - dify_panel - INFO - 尝试连接默认服务器: http://sandanapp.com:38080 (http://sandanapp.com:38080)
2025-05-08 16:58:02,180 - dify_panel - INFO - 成功连接到默认服务器: http://sandanapp.com:38080
2025-05-08 16:58:02,181 - dify_panel - INFO - 用户 admin 的主界面状态: 已自动连接到默认服务器: http://sandanapp.com:38080
2025-05-08 16:58:02,181 - dify_panel - INFO - 从服务器获取应用列表: http://sandanapp.com:38080
2025-05-08 16:58:02,694 - dify_panel - INFO - 成功获取 28 个应用
2025-05-08 16:58:02,695 - dify_panel - INFO - 从服务器获取工具提供者列表: http://sandanapp.com:38080
2025-05-08 16:58:03,099 - dify_panel - INFO - 成功获取 14 个工具提供者
2025-05-08 16:58:03,099 - dify_panel - INFO - 用户 admin 登录成功，初始化主界面完成
2025-05-08 19:46:37,013 - httpx - INFO - HTTP Request: GET http://127.0.0.1:8080/gradio_api/startup-events "HTTP/1.1 200 OK"
2025-05-08 19:46:37,090 - httpx - INFO - HTTP Request: HEAD http://127.0.0.1:8080/ "HTTP/1.1 200 OK"
2025-05-08 19:46:43,972 - dify_panel - INFO - 用户 admin 尝试登录
2025-05-08 19:46:43,973 - dify_panel - INFO - 尝试验证用户: admin
2025-05-08 19:46:43,974 - dify_panel - INFO - 用户 admin 验证成功
2025-05-08 19:46:43,974 - dify_panel - INFO - 用户 admin 身份验证成功，准备初始化主界面
2025-05-08 19:46:44,059 - dify_panel - INFO - 异步加载用户 admin 的数据
2025-05-08 19:46:44,060 - dify_panel - INFO - 尝试连接默认服务器: http://sandanapp.com:38080 (http://sandanapp.com:38080)
2025-05-08 19:46:44,067 - dify_panel - ERROR - 连接到服务器 http://sandanapp.com:38080 失败: ('Connection aborted.', RemoteDisconnected('Remote end closed connection without response'))
2025-05-08 19:46:44,067 - dify_panel - INFO - 数据加载完成，返回界面更新
2025-05-08 19:46:53,952 - dify_panel - INFO - 用户 admin 尝试登录
2025-05-08 19:46:53,953 - dify_panel - INFO - 尝试验证用户: admin
2025-05-08 19:46:53,956 - dify_panel - INFO - 用户 admin 验证成功
2025-05-08 19:46:53,956 - dify_panel - INFO - 用户 admin 身份验证成功，准备初始化主界面
2025-05-08 19:46:54,001 - dify_panel - INFO - 异步加载用户 admin 的数据
2025-05-08 19:46:54,003 - dify_panel - INFO - 尝试连接默认服务器: http://sandanapp.com:38080 (http://sandanapp.com:38080)
2025-05-08 19:46:54,010 - dify_panel - ERROR - 连接到服务器 http://sandanapp.com:38080 失败: ('Connection aborted.', RemoteDisconnected('Remote end closed connection without response'))
2025-05-08 19:46:54,011 - dify_panel - INFO - 数据加载完成，返回界面更新
2025-05-08 19:46:55,785 - dify_panel - INFO - 用户导航到应用管理页面
2025-05-08 19:46:56,493 - dify_panel - INFO - 用户导航到应用管理页面
2025-05-08 19:46:57,000 - dify_panel - INFO - 用户导航到服务器管理页面
2025-05-08 19:46:57,915 - dify_panel - INFO - 用户导航到应用管理页面
2025-05-08 19:46:59,039 - dify_panel - INFO - 用户导航到工具提供者页面
2025-05-08 19:46:59,855 - dify_panel - INFO - 用户导航到应用管理页面
2025-05-08 19:47:00,418 - dify_panel - INFO - 用户导航到服务器管理页面
2025-05-08 19:47:02,146 - dify_panel - INFO - 用户导航到应用管理页面
2025-05-08 19:47:02,706 - dify_panel - INFO - 用户导航到服务器管理页面
2025-05-08 19:47:03,620 - dify_panel - ERROR - 服务器行选择错误: 'NoneType' object has no attribute 'index'
2025-05-08 19:47:04,074 - dify_panel - ERROR - 服务器行选择错误: 'NoneType' object has no attribute 'index'
2025-05-08 19:47:04,174 - dify_panel - ERROR - 服务器行选择错误: 'NoneType' object has no attribute 'index'
2025-05-08 19:47:04,379 - dify_panel - ERROR - 服务器行选择错误: 'NoneType' object has no attribute 'index'
2025-05-08 19:47:04,888 - dify_panel - INFO - 刷新服务器列表
2025-05-08 19:47:05,648 - dify_panel - ERROR - 服务器行选择错误: 'NoneType' object has no attribute 'index'
2025-05-08 19:47:06,104 - dify_panel - WARNING - 未选择服务器，无法连接
2025-05-08 19:47:07,736 - dify_panel - ERROR - 服务器行选择错误: 'NoneType' object has no attribute 'index'
2025-05-08 19:47:08,193 - dify_panel - WARNING - 未选择服务器，无法连接
2025-05-08 19:47:09,260 - dify_panel - ERROR - 服务器行选择错误: 'NoneType' object has no attribute 'index'
2025-05-08 19:47:09,414 - dify_panel - ERROR - 服务器行选择错误: 'NoneType' object has no attribute 'index'
2025-05-08 19:47:09,567 - dify_panel - ERROR - 服务器行选择错误: 'NoneType' object has no attribute 'index'
